#
# There is insufficient memory for the Java Runtime Environment to continue.
# Native memory allocation (mmap) failed to map 268435456 bytes for G1 virtual space
# Possible reasons:
#   The system is out of physical RAM or swap space
#   The process is running with CompressedOops enabled, and the Java Heap may be blocking the growth of the native heap
# Possible solutions:
#   Reduce memory load on the system
#   Increase physical memory or swap space
#   Check if swap backing store is full
#   Decrease Java heap size (-Xmx/-Xms)
#   Decrease number of Java threads
#   Decrease Java thread stack sizes (-Xss)
#   Set larger code cache with -XX:ReservedCodeCacheSize=
#   JVM is running with Zero Based Compressed Oops mode in which the Java heap is
#     placed in the first 32GB address space. The Java Heap base address is the
#     maximum limit for the native heap growth. Please use -XX:HeapBaseMinAddress
#     to set the Java Heap base and to place the Java Heap above 32GB virtual address.
# This output file may be truncated or incomplete.
#
#  Out of Memory Error (os_windows.cpp:3548), pid=21760, tid=20964
#
# JRE version:  (17.0.11+7) (build )
# Java VM: Java HotSpot(TM) 64-Bit Server VM (17.0.11+7-LTS-207, mixed mode, sharing, tiered, compressed oops, compressed class ptrs, g1 gc, windows-amd64)
# No core dump will be written. Minidumps are not enabled by default on client versions of Windows
#

---------------  S U M M A R Y ------------

Command Line: -javaagent:C:\Program Files\JetBrains\IntelliJ IDEA Community Edition 2024.1.1\lib\idea_rt.jar=55576:C:\Program Files\JetBrains\IntelliJ IDEA Community Edition 2024.1.1\bin -Dfile.encoding=UTF-8 claseVariables

Host: AMD Ryzen 7 3700X 8-Core Processor             , 16 cores, 15G,  Windows 11 , 64 bit Build 22621 (10.0.22621.3527)
Time: Thu May 16 20:43:10 2024 Hora estándar de Argentina elapsed time: 0.009261 seconds (0d 0h 0m 0s)

---------------  T H R E A D  ---------------

Current thread (0x000001a35f13eaa0):  JavaThread "Unknown thread" [_thread_in_vm, id=20964, stack(0x0000002593e00000,0x0000002593f00000)]

Stack: [0x0000002593e00000,0x0000002593f00000]
Native frames: (J=compiled Java code, j=interpreted, Vv=VM code, C=native code)
V  [jvm.dll+0x679cca]
V  [jvm.dll+0x7da13d]
V  [jvm.dll+0x7dba83]
V  [jvm.dll+0x7dc0f3]
V  [jvm.dll+0x2449af]
V  [jvm.dll+0x676ce9]
V  [jvm.dll+0x66b852]
V  [jvm.dll+0x3018d6]
V  [jvm.dll+0x308e76]
V  [jvm.dll+0x3596ee]
V  [jvm.dll+0x35991f]
V  [jvm.dll+0x2d89a8]
V  [jvm.dll+0x2d9914]
V  [jvm.dll+0x7ac6b1]
V  [jvm.dll+0x366f61]
V  [jvm.dll+0x78b609]
V  [jvm.dll+0x3ec22f]
V  [jvm.dll+0x3ede61]
C  [jli.dll+0x5297]
C  [ucrtbase.dll+0x29333]
C  [KERNEL32.DLL+0x1257d]
C  [ntdll.dll+0x5aa48]


---------------  P R O C E S S  ---------------

Threads class SMR info:
_java_thread_list=0x00007ffbb5ea7a18, length=0, elements={
}

Java Threads: ( => current thread )

Other Threads:
  0x000001a35f1ac9d0 GCTaskThread "GC Thread#0" [stack: 0x0000002593f00000,0x0000002594000000] [id=10672]
  0x000001a35f1be880 ConcurrentGCThread "G1 Main Marker" [stack: 0x0000002594000000,0x0000002594100000] [id=8116]
  0x000001a35f1bfa30 ConcurrentGCThread "G1 Conc#0" [stack: 0x0000002594100000,0x0000002594200000] [id=11068]

[error occurred during error reporting (printing all threads), id 0xc0000005, EXCEPTION_ACCESS_VIOLATION (0xc0000005) at pc=0x00007ffbb56d9497]

VM state: not at safepoint (not fully initialized)

VM Mutex/Monitor currently owned by a thread:  ([mutex/lock_event])
[0x000001a35f13a900] Heap_lock - owner thread: 0x000001a35f13eaa0

Heap address: 0x0000000700a00000, size: 4086 MB, Compressed Oops mode: Zero based, Oop shift amount: 3

CDS archive(s) mapped at: [0x0000000000000000-0x0000000000000000-0x0000000000000000), size 0, SharedBaseAddress: 0x0000000800000000, ArchiveRelocationMode: 1.
Narrow klass base: 0x0000000000000000, Narrow klass shift: 0, Narrow klass range: 0x0

GC Precious Log:
<Empty>

Heap:
 garbage-first heap   total 0K, used 0K [0x0000000700a00000, 0x0000000800000000)
  region size 2048K, 0 young (0K), 0 survivors (0K)

[error occurred during error reporting (printing heap information), id 0xc0000005, EXCEPTION_ACCESS_VIOLATION (0xc0000005) at pc=0x00007ffbb5ac3559]

GC Heap History (0 events):
No events

Deoptimization events (0 events):
No events

Classes unloaded (0 events):
No events

Classes redefined (0 events):
No events

Internal exceptions (0 events):
No events

VM Operations (0 events):
No events

Events (1 events):
Event: 0.006 Loaded shared library C:\Program Files\Java\jdk-17\bin\java.dll


Dynamic libraries:
0x00007ff797ac0000 - 0x00007ff797ad0000 	C:\Program Files\Java\jdk-17\bin\java.exe
0x00007ffc0b910000 - 0x00007ffc0bb27000 	C:\Windows\SYSTEM32\ntdll.dll
0x00007ffc0a6a0000 - 0x00007ffc0a764000 	C:\Windows\System32\KERNEL32.DLL
0x00007ffc08dd0000 - 0x00007ffc09177000 	C:\Windows\System32\KERNELBASE.dll
0x00007ffc09520000 - 0x00007ffc09631000 	C:\Windows\System32\ucrtbase.dll
0x00007ffbf5f70000 - 0x00007ffbf5f89000 	C:\Program Files\Java\jdk-17\bin\jli.dll
0x00007ffc068e0000 - 0x00007ffc068fb000 	C:\Program Files\Java\jdk-17\bin\VCRUNTIME140.dll
0x00007ffc09e60000 - 0x00007ffc09f12000 	C:\Windows\System32\ADVAPI32.dll
0x00007ffc09640000 - 0x00007ffc096e7000 	C:\Windows\System32\msvcrt.dll
0x00007ffc0a580000 - 0x00007ffc0a628000 	C:\Windows\System32\sechost.dll
0x00007ffc09430000 - 0x00007ffc09458000 	C:\Windows\System32\bcrypt.dll
0x00007ffc0a9b0000 - 0x00007ffc0aac5000 	C:\Windows\System32\RPCRT4.dll
0x00007ffc0ac90000 - 0x00007ffc0ae3e000 	C:\Windows\System32\USER32.dll
0x00007ffc08da0000 - 0x00007ffc08dc6000 	C:\Windows\System32\win32u.dll
0x00007ffbf4190000 - 0x00007ffbf4423000 	C:\Windows\WinSxS\amd64_microsoft.windows.common-controls_6595b64144ccf1df_6.0.22621.3527_none_270e469b73872a76\COMCTL32.dll
0x00007ffc09e30000 - 0x00007ffc09e59000 	C:\Windows\System32\GDI32.dll
0x00007ffc09200000 - 0x00007ffc09319000 	C:\Windows\System32\gdi32full.dll
0x00007ffc09390000 - 0x00007ffc0942a000 	C:\Windows\System32\msvcp_win.dll
0x00007ffc030b0000 - 0x00007ffc030ba000 	C:\Windows\SYSTEM32\VERSION.dll
0x00007ffc0afc0000 - 0x00007ffc0aff1000 	C:\Windows\System32\IMM32.DLL
0x00007ffc068d0000 - 0x00007ffc068dc000 	C:\Program Files\Java\jdk-17\bin\vcruntime140_1.dll
0x00007ffbe6160000 - 0x00007ffbe61ee000 	C:\Program Files\Java\jdk-17\bin\msvcp140.dll
0x00007ffbb53f0000 - 0x00007ffbb5fd0000 	C:\Program Files\Java\jdk-17\bin\server\jvm.dll
0x00007ffc0ac80000 - 0x00007ffc0ac88000 	C:\Windows\System32\PSAPI.DLL
0x00007ffc02900000 - 0x00007ffc02909000 	C:\Windows\SYSTEM32\WSOCK32.dll
0x00007ffc00f60000 - 0x00007ffc00f94000 	C:\Windows\SYSTEM32\WINMM.dll
0x00007ffc098c0000 - 0x00007ffc09931000 	C:\Windows\System32\WS2_32.dll
0x00007ffc07c10000 - 0x00007ffc07c28000 	C:\Windows\SYSTEM32\kernel.appcore.dll
0x00007ffc068b0000 - 0x00007ffc068ba000 	C:\Program Files\Java\jdk-17\bin\jimage.dll
0x00007ffc06460000 - 0x00007ffc06692000 	C:\Windows\SYSTEM32\DBGHELP.DLL
0x00007ffc0a1f0000 - 0x00007ffc0a578000 	C:\Windows\System32\combase.dll
0x00007ffc0a770000 - 0x00007ffc0a847000 	C:\Windows\System32\OLEAUT32.dll
0x00007ffc02750000 - 0x00007ffc02782000 	C:\Windows\SYSTEM32\dbgcore.DLL
0x00007ffc09180000 - 0x00007ffc091f9000 	C:\Windows\System32\bcryptPrimitives.dll
0x00007ffc03470000 - 0x00007ffc0347e000 	C:\Program Files\Java\jdk-17\bin\instrument.dll
0x00007ffbf5f40000 - 0x00007ffbf5f65000 	C:\Program Files\Java\jdk-17\bin\java.dll

dbghelp: loaded successfully - version: 4.0.5 - missing functions: none
symbol engine: initialized successfully - sym options: 0x614 - pdb path: .;C:\Program Files\Java\jdk-17\bin;C:\Windows\SYSTEM32;C:\Windows\WinSxS\amd64_microsoft.windows.common-controls_6595b64144ccf1df_6.0.22621.3527_none_270e469b73872a76;C:\Program Files\Java\jdk-17\bin\server

VM Arguments:
jvm_args: -javaagent:C:\Program Files\JetBrains\IntelliJ IDEA Community Edition 2024.1.1\lib\idea_rt.jar=55576:C:\Program Files\JetBrains\IntelliJ IDEA Community Edition 2024.1.1\bin -Dfile.encoding=UTF-8 
java_command: claseVariables
java_class_path (initial): D:\Curso java CoderHouse\Clase01\target\classes
Launcher Type: SUN_STANDARD

[Global flags]
     intx CICompilerCount                          = 12                                        {product} {ergonomic}
     uint ConcGCThreads                            = 3                                         {product} {ergonomic}
     uint G1ConcRefinementThreads                  = 13                                        {product} {ergonomic}
   size_t G1HeapRegionSize                         = 2097152                                   {product} {ergonomic}
    uintx GCDrainStackTargetSize                   = 64                                        {product} {ergonomic}
   size_t InitialHeapSize                          = 268435456                                 {product} {ergonomic}
   size_t MarkStackSize                            = 4194304                                   {product} {ergonomic}
   size_t MaxHeapSize                              = 4284481536                                {product} {ergonomic}
   size_t MinHeapDeltaBytes                        = 2097152                                   {product} {ergonomic}
   size_t MinHeapSize                              = 8388608                                   {product} {ergonomic}
    uintx NonNMethodCodeHeapSize                   = 7602480                                {pd product} {ergonomic}
    uintx NonProfiledCodeHeapSize                  = 122027880                              {pd product} {ergonomic}
    uintx ProfiledCodeHeapSize                     = 122027880                              {pd product} {ergonomic}
    uintx ReservedCodeCacheSize                    = 251658240                              {pd product} {ergonomic}
     bool SegmentedCodeCache                       = true                                      {product} {ergonomic}
   size_t SoftMaxHeapSize                          = 4284481536                             {manageable} {ergonomic}
     bool UseCompressedClassPointers               = true                           {product lp64_product} {ergonomic}
     bool UseCompressedOops                        = true                           {product lp64_product} {ergonomic}
     bool UseG1GC                                  = true                                      {product} {ergonomic}
     bool UseLargePagesIndividualAllocation        = false                                  {pd product} {ergonomic}

Logging:
Log output configuration:
 #0: stdout all=warning uptime,level,tags
 #1: stderr all=off uptime,level,tags

Environment Variables:
JAVA_HOME=C:\Program Files\Java\jdk1.8.0_202
PATH=C:\Program Files (x86)\Common Files\Oracle\Java\javapath;C:\Program Files\Common Files\Oracle\Java\javapath;C:\Windows\system32;C:\Windows;C:\Windows\System32\Wbem;C:\Windows\System32\WindowsPowerShell\v1.0\;C:\Windows\System32\OpenSSH\;C:\Program Files\NVIDIA Corporation\NVIDIA NvDLISR;C:\Program Files (x86)\NVIDIA Corporation\PhysX\Common;C:\Users\nahue\AppData\Local\Microsoft\WindowsApps;
USERNAME=nahue
OS=Windows_NT
PROCESSOR_IDENTIFIER=AMD64 Family 23 Model 113 Stepping 0, AuthenticAMD



---------------  S Y S T E M  ---------------

OS:
 Windows 11 , 64 bit Build 22621 (10.0.22621.3527)
OS uptime: 1 days 22:01 hours
Hyper-V role detected

CPU: total 16 (initial active 16) (16 cores per cpu, 2 threads per core) family 23 model 113 stepping 0 microcode 0x0, cx8, cmov, fxsr, ht, mmx, 3dnowpref, sse, sse2, sse3, ssse3, sse4a, sse4.1, sse4.2, popcnt, lzcnt, tsc, tscinvbit, avx, avx2, aes, clmul, bmi1, bmi2, adx, sha, fma, vzeroupper, clflush, clflushopt, hv

Memory: 4k page, system-wide physical 16337M (3400M free)
TotalPageFile size 44878M (AvailPageFile size 241M)
current process WorkingSet (physical memory assigned to process): 11M, peak: 11M
current process commit charge ("private bytes"): 70M, peak: 326M

vm_info: Java HotSpot(TM) 64-Bit Server VM (17.0.11+7-LTS-207) for windows-amd64 JRE (17.0.11+7-LTS-207), built on Mar 11 2024 19:01:50 by "mach5one" with MS VC++ 17.6 (VS2022)

END.
